This is pdfTeX, Version 3.141592653-2.6-1.40.25 (MiKTeX 24.1) (preloaded format=pdflatex 2025.5.16)  21 MAY 2025 22:04
entering extended mode
 restricted \write18 enabled.
 %&-line parsing enabled.
**./ante-projeto.tex
(ante-projeto.tex
LaTeX2e <2023-11-01> patch level 1
L3 programming layer <2024-01-04>

(C:\Users\vinicius.jimenez\AppData\Local\Programs\MiKTeX\tex/latex/base\article
.cls
Document Class: article 2023/05/17 v1.4n Standard LaTeX document class

(C:\Users\vinicius.jimenez\AppData\Local\Programs\MiKTeX\tex/latex/base\size12.
clo
File: size12.clo 2023/05/17 v1.4n Standard LaTeX file (size option)
)
\c@part=\count187
\c@section=\count188
\c@subsection=\count189
\c@subsubsection=\count190
\c@paragraph=\count191
\c@subparagraph=\count192
\c@figure=\count193
\c@table=\count194
\abovecaptionskip=\skip48
\belowcaptionskip=\skip49
\bibindent=\dimen140
)
(C:\Users\vinicius.jimenez\AppData\Local\Programs\MiKTeX\tex/latex/cmap\cmap.st
y
Package: cmap 2021/02/06 v1.0j CMap support: searchable PDF
)
(C:\Users\vinicius.jimenez\AppData\Local\Programs\MiKTeX\tex/latex/lm\lmodern.s
ty
Package: lmodern 2015/05/01 v1.6.1 Latin Modern Fonts
LaTeX Font Info:    Overwriting symbol font `operators' in version `normal'
(Font)                  OT1/cmr/m/n --> OT1/lmr/m/n on input line 22.
LaTeX Font Info:    Overwriting symbol font `letters' in version `normal'
(Font)                  OML/cmm/m/it --> OML/lmm/m/it on input line 23.
LaTeX Font Info:    Overwriting symbol font `symbols' in version `normal'
(Font)                  OMS/cmsy/m/n --> OMS/lmsy/m/n on input line 24.
LaTeX Font Info:    Overwriting symbol font `largesymbols' in version `normal'
(Font)                  OMX/cmex/m/n --> OMX/lmex/m/n on input line 25.
LaTeX Font Info:    Overwriting symbol font `operators' in version `bold'
(Font)                  OT1/cmr/bx/n --> OT1/lmr/bx/n on input line 26.
LaTeX Font Info:    Overwriting symbol font `letters' in version `bold'
(Font)                  OML/cmm/b/it --> OML/lmm/b/it on input line 27.
LaTeX Font Info:    Overwriting symbol font `symbols' in version `bold'
(Font)                  OMS/cmsy/b/n --> OMS/lmsy/b/n on input line 28.
LaTeX Font Info:    Overwriting symbol font `largesymbols' in version `bold'
(Font)                  OMX/cmex/m/n --> OMX/lmex/m/n on input line 29.
LaTeX Font Info:    Overwriting math alphabet `\mathbf' in version `normal'
(Font)                  OT1/cmr/bx/n --> OT1/lmr/bx/n on input line 31.
LaTeX Font Info:    Overwriting math alphabet `\mathsf' in version `normal'
(Font)                  OT1/cmss/m/n --> OT1/lmss/m/n on input line 32.
LaTeX Font Info:    Overwriting math alphabet `\mathit' in version `normal'
(Font)                  OT1/cmr/m/it --> OT1/lmr/m/it on input line 33.
LaTeX Font Info:    Overwriting math alphabet `\mathtt' in version `normal'
(Font)                  OT1/cmtt/m/n --> OT1/lmtt/m/n on input line 34.
LaTeX Font Info:    Overwriting math alphabet `\mathbf' in version `bold'
(Font)                  OT1/cmr/bx/n --> OT1/lmr/bx/n on input line 35.
LaTeX Font Info:    Overwriting math alphabet `\mathsf' in version `bold'
(Font)                  OT1/cmss/bx/n --> OT1/lmss/bx/n on input line 36.
LaTeX Font Info:    Overwriting math alphabet `\mathit' in version `bold'
(Font)                  OT1/cmr/bx/it --> OT1/lmr/bx/it on input line 37.
LaTeX Font Info:    Overwriting math alphabet `\mathtt' in version `bold'
(Font)                  OT1/cmtt/m/n --> OT1/lmtt/m/n on input line 38.
)
(C:\Users\vinicius.jimenez\AppData\Local\Programs\MiKTeX\tex/latex/base\fontenc
.sty
Package: fontenc 2021/04/29 v2.0v Standard LaTeX package
LaTeX Font Info:    Trying to load font information for T1+lmr on input line 11
2.

(C:\Users\vinicius.jimenez\AppData\Local\Programs\MiKTeX\tex/latex/lm\t1lmr.fd
File: t1lmr.fd 2015/05/01 v1.6.1 Font defs for Latin Modern
)<<t1.cmap>>)
(C:\Users\vinicius.jimenez\AppData\Local\Programs\MiKTeX\tex/latex/base\inputen
c.sty
Package: inputenc 2021/02/14 v1.3d Input encoding file
\inpenc@prehook=\toks17
\inpenc@posthook=\toks18
)
(C:\Users\vinicius.jimenez\AppData\Local\Programs\MiKTeX\tex/latex/lastpage\las
tpage.sty
Package: lastpage 2025/01/27 v2.1e lastpage: 2.09 or 2e? (HMM)

(C:\Users\vinicius.jimenez\AppData\Local\Programs\MiKTeX\tex/latex/lastpage\las
tpage2e.sty
Package: lastpage2e 2025/01/27 v2.1e Decide which 2e lastpage version to use (H
MM)

(C:\Users\vinicius.jimenez\AppData\Local\Programs\MiKTeX\tex/latex/lastpage\las
tpageclassic.sty
Package: lastpageclassic 2025/01/27 v2.1e Refers to last page's name (HMM; JPG)

) 
))
(C:\Users\vinicius.jimenez\AppData\Local\Programs\MiKTeX\tex/latex/graphics\col
or.sty
Package: color 2022/01/06 v1.3d Standard LaTeX Color (DPC)

(C:\Users\vinicius.jimenez\AppData\Local\Programs\MiKTeX\tex/latex/graphics-cfg
\color.cfg
File: color.cfg 2016/01/02 v1.6 sample color configuration
)
Package color Info: Driver file: pdftex.def on input line 149.

(C:\Users\vinicius.jimenez\AppData\Local\Programs\MiKTeX\tex/latex/graphics-def
\pdftex.def
File: pdftex.def 2022/09/22 v1.2b Graphics/color driver for pdftex
)
(C:\Users\vinicius.jimenez\AppData\Local\Programs\MiKTeX\tex/latex/graphics\mat
hcolor.ltx))
(C:\Users\vinicius.jimenez\AppData\Local\Programs\MiKTeX\tex/latex/graphics\gra
phicx.sty
Package: graphicx 2021/09/16 v1.2d Enhanced LaTeX Graphics (DPC,SPQR)

(C:\Users\vinicius.jimenez\AppData\Local\Programs\MiKTeX\tex/latex/graphics\key
val.sty
Package: keyval 2022/05/29 v1.15 key=value parser (DPC)
\KV@toks@=\toks19
)
(C:\Users\vinicius.jimenez\AppData\Local\Programs\MiKTeX\tex/latex/graphics\gra
phics.sty
Package: graphics 2022/03/10 v1.4e Standard LaTeX Graphics (DPC,SPQR)

(C:\Users\vinicius.jimenez\AppData\Local\Programs\MiKTeX\tex/latex/graphics\tri
g.sty
Package: trig 2021/08/11 v1.11 sin cos tan (DPC)
)
(C:\Users\vinicius.jimenez\AppData\Local\Programs\MiKTeX\tex/latex/graphics-cfg
\graphics.cfg
File: graphics.cfg 2016/06/04 v1.11 sample graphics configuration
)
Package graphics Info: Driver file: pdftex.def on input line 107.
)
\Gin@req@height=\dimen141
\Gin@req@width=\dimen142
)
(C:\Users\vinicius.jimenez\AppData\Local\Programs\MiKTeX\tex/generic/babel\babe
l.sty
Package: babel 2024/01/07 v24.1 The Babel package
\babel@savecnt=\count195
\U@D=\dimen143
\l@unhyphenated=\language79

(C:\Users\vinicius.jimenez\AppData\Local\Programs\MiKTeX\tex/generic/babel\txtb
abel.def)
\bbl@readstream=\read2
\bbl@dirlevel=\count196

*************************************
* Local config file bblopts.cfg used
*

(C:\Users\vinicius.jimenez\AppData\Local\Programs\MiKTeX\tex/latex/arabi\bblopt
s.cfg
File: bblopts.cfg 2005/09/08 v0.1 add Arabic and Farsi to "declared" options of
 babel
)
(C:\Users\vinicius.jimenez\AppData\Local\Programs\MiKTeX\tex/latex/babel-englis
h\english.ldf
Language: english 2017/06/06 v3.3r English support from the babel system
Package babel Info: Hyphen rules for 'canadian' set to \l@english
(babel)             (\language0). Reported on input line 102.
Package babel Info: Hyphen rules for 'australian' set to \l@ukenglish
(babel)             (\language73). Reported on input line 105.
Package babel Info: Hyphen rules for 'newzealand' set to \l@ukenglish
(babel)             (\language73). Reported on input line 108.
)
(C:\Users\vinicius.jimenez\AppData\Local\Programs\MiKTeX\tex/latex/babel-portug
es\brazil.ldf
Language: portuges 2021/07/09 v1.2t Portuguese support from the babel system
Package babel Info: Hyphen rules for 'brazil' set to \l@portuguese
(babel)             (\language56). Reported on input line 111.
Package babel Info: Making " an active character on input line 143.
))
(C:\Users\vinicius.jimenez\AppData\Local\Programs\MiKTeX\tex/generic/babel/loca
le/en\babel-english.tex
Package babel Info: Importing font and identification data for english
(babel)             from babel-en.ini. Reported on input line 11.
)
(C:\Users\vinicius.jimenez\AppData\Local\Programs\MiKTeX\tex/latex/hyperref\hyp
erref.sty
Package: hyperref 2023-11-26 v7.01g Hypertext links for LaTeX

(C:\Users\vinicius.jimenez\AppData\Local\Programs\MiKTeX\tex/generic/iftex\ifte
x.sty
Package: iftex 2022/02/03 v1.0f TeX engine tests
)
(C:\Users\vinicius.jimenez\AppData\Local\Programs\MiKTeX\tex/generic/infwarerr\
infwarerr.sty
Package: infwarerr 2019/12/03 v1.5 Providing info/warning/error messages (HO)
)
(C:\Users\vinicius.jimenez\AppData\Local\Programs\MiKTeX\tex/latex/kvsetkeys\kv
setkeys.sty
Package: kvsetkeys 2022-10-05 v1.19 Key value parser (HO)
)
(C:\Users\vinicius.jimenez\AppData\Local\Programs\MiKTeX\tex/generic/kvdefineke
ys\kvdefinekeys.sty
Package: kvdefinekeys 2019-12-19 v1.6 Define keys (HO)
)
(C:\Users\vinicius.jimenez\AppData\Local\Programs\MiKTeX\tex/generic/pdfescape\
pdfescape.sty
Package: pdfescape 2019/12/09 v1.15 Implements pdfTeX's escape features (HO)

(C:\Users\vinicius.jimenez\AppData\Local\Programs\MiKTeX\tex/generic/ltxcmds\lt
xcmds.sty
Package: ltxcmds 2023-12-04 v1.26 LaTeX kernel commands for general use (HO)
)
(C:\Users\vinicius.jimenez\AppData\Local\Programs\MiKTeX\tex/generic/pdftexcmds
\pdftexcmds.sty
Package: pdftexcmds 2020-06-27 v0.33 Utility functions of pdfTeX for LuaTeX (HO
)
Package pdftexcmds Info: \pdf@primitive is available.
Package pdftexcmds Info: \pdf@ifprimitive is available.
Package pdftexcmds Info: \pdfdraftmode found.
))
(C:\Users\vinicius.jimenez\AppData\Local\Programs\MiKTeX\tex/latex/hycolor\hyco
lor.sty
Package: hycolor 2020-01-27 v1.10 Color options for hyperref/bookmark (HO)
)
(C:\Users\vinicius.jimenez\AppData\Local\Programs\MiKTeX\tex/latex/letltxmacro\
letltxmacro.sty
Package: letltxmacro 2019/12/03 v1.6 Let assignment for LaTeX macros (HO)
)
(C:\Users\vinicius.jimenez\AppData\Local\Programs\MiKTeX\tex/latex/auxhook\auxh
ook.sty
Package: auxhook 2019-12-17 v1.6 Hooks for auxiliary files (HO)
)
(C:\Users\vinicius.jimenez\AppData\Local\Programs\MiKTeX\tex/latex/hyperref\nam
eref.sty
Package: nameref 2023-11-26 v2.56 Cross-referencing by name of section

(C:\Users\vinicius.jimenez\AppData\Local\Programs\MiKTeX\tex/latex/refcount\ref
count.sty
Package: refcount 2019/12/15 v3.6 Data extraction from label references (HO)
)
(C:\Users\vinicius.jimenez\AppData\Local\Programs\MiKTeX\tex/generic/gettitlest
ring\gettitlestring.sty
Package: gettitlestring 2019/12/15 v1.6 Cleanup title references (HO)

(C:\Users\vinicius.jimenez\AppData\Local\Programs\MiKTeX\tex/latex/kvoptions\kv
options.sty
Package: kvoptions 2022-06-15 v3.15 Key value format for package options (HO)
))
\c@section@level=\count197
)
(C:\Users\vinicius.jimenez\AppData\Local\Programs\MiKTeX\tex/latex/etoolbox\eto
olbox.sty
Package: etoolbox 2020/10/05 v2.5k e-TeX tools for LaTeX (JAW)
\etb@tempcnta=\count198
)
\@linkdim=\dimen144
\Hy@linkcounter=\count199
\Hy@pagecounter=\count266

(C:\Users\vinicius.jimenez\AppData\Local\Programs\MiKTeX\tex/latex/hyperref\pd1
enc.def
File: pd1enc.def 2023-11-26 v7.01g Hyperref: PDFDocEncoding definition (HO)
Now handling font encoding PD1 ...
... no UTF-8 mapping file for font encoding PD1
)
(C:\Users\vinicius.jimenez\AppData\Local\Programs\MiKTeX\tex/generic/intcalc\in
tcalc.sty
Package: intcalc 2019/12/15 v1.3 Expandable calculations with integers (HO)
)
\Hy@SavedSpaceFactor=\count267

(C:\Users\vinicius.jimenez\AppData\Local\Programs\MiKTeX\tex/latex/hyperref\pue
nc.def
File: puenc.def 2023-11-26 v7.01g Hyperref: PDF Unicode definition (HO)
Now handling font encoding PU ...
... no UTF-8 mapping file for font encoding PU
)
Package hyperref Info: Hyper figures OFF on input line 4181.
Package hyperref Info: Link nesting OFF on input line 4186.
Package hyperref Info: Hyper index ON on input line 4189.
Package hyperref Info: Plain pages OFF on input line 4196.
Package hyperref Info: Backreferencing OFF on input line 4201.
Package hyperref Info: Implicit mode ON; LaTeX internals redefined.
Package hyperref Info: Bookmarks ON on input line 4448.
\c@Hy@tempcnt=\count268

(C:\Users\vinicius.jimenez\AppData\Local\Programs\MiKTeX\tex/latex/url\url.sty
\Urlmuskip=\muskip16
Package: url 2013/09/16  ver 3.4  Verb mode for urls, etc.
)
LaTeX Info: Redefining \url on input line 4786.
\XeTeXLinkMargin=\dimen145

(C:\Users\vinicius.jimenez\AppData\Local\Programs\MiKTeX\tex/generic/bitset\bit
set.sty
Package: bitset 2019/12/09 v1.3 Handle bit-vector datatype (HO)

(C:\Users\vinicius.jimenez\AppData\Local\Programs\MiKTeX\tex/generic/bigintcalc
\bigintcalc.sty
Package: bigintcalc 2019/12/15 v1.5 Expandable calculations on big integers (HO
)
))
\Fld@menulength=\count269
\Field@Width=\dimen146
\Fld@charsize=\dimen147
Package hyperref Info: Hyper figures OFF on input line 6065.
Package hyperref Info: Link nesting OFF on input line 6070.
Package hyperref Info: Hyper index ON on input line 6073.
Package hyperref Info: backreferencing OFF on input line 6080.
Package hyperref Info: Link coloring OFF on input line 6085.
Package hyperref Info: Link coloring with OCG OFF on input line 6090.
Package hyperref Info: PDF/A mode OFF on input line 6095.

(C:\Users\vinicius.jimenez\AppData\Local\Programs\MiKTeX\tex/latex/base\atbegsh
i-ltx.sty
Package: atbegshi-ltx 2021/01/10 v1.0c Emulation of the original atbegshi
package with kernel methods
)
\Hy@abspage=\count270
\c@Item=\count271
\c@Hfootnote=\count272
)
Package hyperref Info: Driver (autodetected): hpdftex.

(C:\Users\vinicius.jimenez\AppData\Local\Programs\MiKTeX\tex/latex/hyperref\hpd
ftex.def
File: hpdftex.def 2023-11-26 v7.01g Hyperref driver for pdfTeX

(C:\Users\vinicius.jimenez\AppData\Local\Programs\MiKTeX\tex/latex/base\atverye
nd-ltx.sty
Package: atveryend-ltx 2020/08/19 v1.0a Emulation of the original atveryend pac
kage
with kernel methods
)
\Fld@listcount=\count273
\c@bookmark@seq@number=\count274

(C:\Users\vinicius.jimenez\AppData\Local\Programs\MiKTeX\tex/latex/rerunfileche
ck\rerunfilecheck.sty
Package: rerunfilecheck 2022-07-10 v1.10 Rerun checks for auxiliary files (HO)

(C:\Users\vinicius.jimenez\AppData\Local\Programs\MiKTeX\tex/generic/uniquecoun
ter\uniquecounter.sty
Package: uniquecounter 2019/12/15 v1.4 Provide unlimited unique counter (HO)
)
Package uniquecounter Info: New unique counter `rerunfilecheck' on input line 2
85.
)
\Hy@SectionHShift=\skip50
)
(C:\Users\vinicius.jimenez\AppData\Local\Programs\MiKTeX\tex/latex/algorithms\a
lgorithm.sty
Package: algorithm 2009/08/24 v0.1 Document Style `algorithm' - floating enviro
nment

(C:\Users\vinicius.jimenez\AppData\Local\Programs\MiKTeX\tex/latex/float\float.
sty
Package: float 2001/11/08 v1.3d Float enhancements (AL)
\c@float@type=\count275
\float@exts=\toks20
\float@box=\box51
\@float@everytoks=\toks21
\@floatcapt=\box52
)
(C:\Users\vinicius.jimenez\AppData\Local\Programs\MiKTeX\tex/latex/base\ifthen.
sty
Package: ifthen 2022/04/13 v1.1d Standard LaTeX ifthen package (DPC)
)
\@float@every@algorithm=\toks22
\c@algorithm=\count276
)
(C:\Users\vinicius.jimenez\AppData\Local\Programs\MiKTeX\tex/latex/algorithms\a
lgorithmic.sty
Package: algorithmic 2009/08/24 v0.1 Document Style `algorithmic'
\c@ALC@unique=\count277
\c@ALC@line=\count278
\c@ALC@rem=\count279
\c@ALC@depth=\count280
\ALC@tlm=\skip51
\algorithmicindent=\skip52
)
(C:\Users\vinicius.jimenez\AppData\Local\Programs\MiKTeX\tex/latex/geometry\geo
metry.sty
Package: geometry 2020/01/02 v5.9 Page Geometry

(C:\Users\vinicius.jimenez\AppData\Local\Programs\MiKTeX\tex/generic/iftex\ifvt
ex.sty
Package: ifvtex 2019/10/25 v1.7 ifvtex legacy package. Use iftex instead.
)
\Gm@cnth=\count281
\Gm@cntv=\count282
\c@Gm@tempcnt=\count283
\Gm@bindingoffset=\dimen148
\Gm@wd@mp=\dimen149
\Gm@odd@mp=\dimen150
\Gm@even@mp=\dimen151
\Gm@layoutwidth=\dimen152
\Gm@layoutheight=\dimen153
\Gm@layouthoffset=\dimen154
\Gm@layoutvoffset=\dimen155
\Gm@dimlist=\toks23

(C:\Users\vinicius.jimenez\AppData\Local\Programs\MiKTeX\tex/latex/geometry\geo
metry.cfg))
(C:\Users\vinicius.jimenez\AppData\Local\Programs\MiKTeX\tex/latex/multirow\mul
tirow.sty
Package: multirow 2024/11/12 v2.9 Span multiple rows of a table
\multirow@colwidth=\skip53
\multirow@cntb=\count284
\multirow@dima=\skip54
\bigstrutjot=\dimen156
)
(C:\Users\vinicius.jimenez\AppData\Local\Programs\MiKTeX\tex/latex/hyperref\bac
kref.sty
Package: backref 2023-11-26 v1.44 Bibliographical back referencing
)
(C:\Users\vinicius.jimenez\AppData\Local\Programs\MiKTeX\tex/latex/abntex2\abnt
ex2cite.sty
Package: abntex2cite 2018/11/24 v-1.9.7 abnTeX2

(C:\Users\vinicius.jimenez\AppData\Local\Programs\MiKTeX\tex/latex/tools\calc.s
ty
Package: calc 2023/07/08 v4.3 Infix arithmetic (KKT,FJ)
\calc@Acount=\count285
\calc@Bcount=\count286
\calc@Adimen=\dimen157
\calc@Bdimen=\dimen158
\calc@Askip=\skip55
\calc@Bskip=\skip56
LaTeX Info: Redefining \setlength on input line 80.
LaTeX Info: Redefining \addtolength on input line 81.
\calc@Ccount=\count287
\calc@Cskip=\skip57
)
(C:\Users\vinicius.jimenez\AppData\Local\Programs\MiKTeX\tex/latex/abntex2\abnt
ex2abrev.sty)
(C:\Users\vinicius.jimenez\AppData\Local\Programs\MiKTeX\tex/latex/setspace\set
space.sty
Package: setspace 2022/12/04 v6.7b set line spacing
)
\minimumbiblabelwidth=\skip58
\ABCIauxlen=\skip59
\c@ABCIaux=\count288
\c@ABCImax=\count289

(C:\Users\vinicius.jimenez\AppData\Local\Programs\MiKTeX\tex/generic/iftex\ifpd
f.sty
Package: ifpdf 2019/10/25 v3.4 ifpdf legacy package. Use iftex instead.
)
(C:\Users\vinicius.jimenez\AppData\Local\Programs\MiKTeX\tex/generic/iftex\ifxe
tex.sty
Package: ifxetex 2019/10/25 v0.7 ifxetex legacy package. Use iftex instead.
)
(C:\Users\vinicius.jimenez\AppData\Local\Programs\MiKTeX\tex/latex/relsize\rels
ize.sty
Package: relsize 2013/03/29 ver 4.1
)
\biblabelsep=\skip60
LaTeX Info: Redefining \newblock on input line 591.
LaTeX Info: Redefining \cite on input line 618.
\ABCItoken=\toks24
)
(C:\Users\vinicius.jimenez\AppData\Local\Programs\MiKTeX\tex/latex/l3backend\l3
backend-pdftex.def
File: l3backend-pdftex.def 2024-01-04 L3 backend support: PDF output (pdfTeX)
\l__color_backend_stack_int=\count290
\l__pdf_internal_box=\box53
) (ante-projeto.aux

LaTeX Warning: Label `barakat2024' multiply defined.


LaTeX Warning: Label `barakat2024++EXPL' multiply defined.


LaTeX Warning: Label `barakat2024++IMPL' multiply defined.


LaTeX Warning: Label `barakat2024++YEAR' multiply defined.


LaTeX Warning: Label `basco2018' multiply defined.


LaTeX Warning: Label `basco2018++EXPL' multiply defined.


LaTeX Warning: Label `basco2018++IMPL' multiply defined.


LaTeX Warning: Label `basco2018++YEAR' multiply defined.


LaTeX Warning: Label `galvao2019' multiply defined.


LaTeX Warning: Label `galvao2019++EXPL' multiply defined.


LaTeX Warning: Label `galvao2019++IMPL' multiply defined.


LaTeX Warning: Label `galvao2019++YEAR' multiply defined.

)
\openout1 = `ante-projeto.aux'.

LaTeX Font Info:    Checking defaults for OML/cmm/m/it on input line 76.
LaTeX Font Info:    ... okay on input line 76.
LaTeX Font Info:    Checking defaults for OMS/cmsy/m/n on input line 76.
LaTeX Font Info:    ... okay on input line 76.
LaTeX Font Info:    Checking defaults for OT1/cmr/m/n on input line 76.
LaTeX Font Info:    ... okay on input line 76.
LaTeX Font Info:    Checking defaults for T1/cmr/m/n on input line 76.
LaTeX Font Info:    ... okay on input line 76.
LaTeX Font Info:    Checking defaults for TS1/cmr/m/n on input line 76.
LaTeX Font Info:    ... okay on input line 76.
LaTeX Font Info:    Checking defaults for OMX/cmex/m/n on input line 76.
LaTeX Font Info:    ... okay on input line 76.
LaTeX Font Info:    Checking defaults for U/cmr/m/n on input line 76.
LaTeX Font Info:    ... okay on input line 76.
LaTeX Font Info:    Checking defaults for PD1/pdf/m/n on input line 76.
LaTeX Font Info:    ... okay on input line 76.
LaTeX Font Info:    Checking defaults for PU/pdf/m/n on input line 76.
LaTeX Font Info:    ... okay on input line 76.

(C:\Users\vinicius.jimenez\AppData\Local\Programs\MiKTeX\tex/context/base/mkii\
supp-pdf.mkii
[Loading MPS to PDF converter (version 2006.09.02).]
\scratchcounter=\count291
\scratchdimen=\dimen159
\scratchbox=\box54
\nofMPsegments=\count292
\nofMParguments=\count293
\everyMPshowfont=\toks25
\MPscratchCnt=\count294
\MPscratchDim=\dimen160
\MPnumerator=\count295
\makeMPintoPDFobject=\count296
\everyMPtoPDFconversion=\toks26
)
(C:\Users\vinicius.jimenez\AppData\Local\Programs\MiKTeX\tex/latex/epstopdf-pkg
\epstopdf-base.sty
Package: epstopdf-base 2020-01-24 v2.11 Base part for package epstopdf
Package epstopdf-base Info: Redefining graphics rule for `.eps' on input line 4
85.

(C:\Users\vinicius.jimenez\AppData\Local\Programs\MiKTeX\tex/latex/00miktex\eps
topdf-sys.cfg
File: epstopdf-sys.cfg 2021/03/18 v2.0 Configuration of epstopdf for MiKTeX
))
Package hyperref Info: Link coloring OFF on input line 76.
 (ante-projeto.out) (ante-projeto.out)
\@outlinefile=\write3
\openout3 = `ante-projeto.out'.


*geometry* detected driver: pdftex
*geometry* verbose mode - [ preamble ] result:
* driver: pdftex
* paper: a4paper
* layout: <same size as paper>
* layoutoffset:(h,v)=(0.0pt,0.0pt)
* modes: 
* h-part:(L,W,R)=(89.62709pt, 418.25368pt, 89.6271pt)
* v-part:(T,H,B)=(101.40665pt, 591.5302pt, 152.11pt)
* \paperwidth=597.50787pt
* \paperheight=845.04684pt
* \textwidth=418.25368pt
* \textheight=591.5302pt
* \oddsidemargin=17.3571pt
* \evensidemargin=17.3571pt
* \topmargin=-7.86334pt
* \headheight=12.0pt
* \headsep=25.0pt
* \topskip=12.0pt
* \footskip=30.0pt
* \marginparwidth=35.0pt
* \marginparsep=10.0pt
* \columnsep=10.0pt
* \skip\footins=10.8pt plus 4.0pt minus 2.0pt
* \hoffset=0.0pt
* \voffset=0.0pt
* \mag=1000
* \@twocolumnfalse
* \@twosidefalse
* \@mparswitchfalse
* \@reversemarginfalse
* (1in=72.27pt=25.4mm, 1cm=28.453pt)


LaTeX Font Warning: Font shape `T1/lmr/bx/sc' undefined
(Font)              using `T1/lmr/bx/n' instead on input line 95.

[1

{C:/Users/vinicius.jimenez/AppData/Local/MiKTeX/fonts/map/pdftex/pdftex.map}{C:
/Users/vinicius.jimenez/AppData/Local/Programs/MiKTeX/fonts/enc/dvips/lm/lm-ec.
enc}] [2] [3]
LaTeX Font Info:    Trying to load font information for OT1+lmr on input line 1
61.

(C:\Users\vinicius.jimenez\AppData\Local\Programs\MiKTeX\tex/latex/lm\ot1lmr.fd
File: ot1lmr.fd 2015/05/01 v1.6.1 Font defs for Latin Modern
)<<ot1.cmap>>
LaTeX Font Info:    Trying to load font information for OML+lmm on input line 1
61.

(C:\Users\vinicius.jimenez\AppData\Local\Programs\MiKTeX\tex/latex/lm\omllmm.fd
File: omllmm.fd 2015/05/01 v1.6.1 Font defs for Latin Modern
)<<oml.cmap>>
LaTeX Font Info:    Trying to load font information for OMS+lmsy on input line 
161.

(C:\Users\vinicius.jimenez\AppData\Local\Programs\MiKTeX\tex/latex/lm\omslmsy.f
d
File: omslmsy.fd 2015/05/01 v1.6.1 Font defs for Latin Modern
)<<oms.cmap>>
LaTeX Font Info:    Trying to load font information for OMX+lmex on input line 
161.

(C:\Users\vinicius.jimenez\AppData\Local\Programs\MiKTeX\tex/latex/lm\omxlmex.f
d
File: omxlmex.fd 2015/05/01 v1.6.1 Font defs for Latin Modern
)
LaTeX Font Info:    External font `lmex10' loaded for size
(Font)              <12> on input line 161.
<<omx.cmap>>
LaTeX Font Info:    External font `lmex10' loaded for size
(Font)              <8> on input line 161.
LaTeX Font Info:    External font `lmex10' loaded for size
(Font)              <6> on input line 161.
LaTeX Font Info:    External font `lmex10' loaded for size
(Font)              <10> on input line 161.
LaTeX Font Info:    External font `lmex10' loaded for size
(Font)              <7> on input line 161.
LaTeX Font Info:    External font `lmex10' loaded for size
(Font)              <5> on input line 161.
LaTeX Font Info:    Trying to load font information for TS1+lmr on input line 1
70.

(C:\Users\vinicius.jimenez\AppData\Local\Programs\MiKTeX\tex/latex/lm\ts1lmr.fd
File: ts1lmr.fd 2015/05/01 v1.6.1 Font defs for Latin Modern
) [4{C:/Users/vinicius.jimenez/AppData/Local/Programs/MiKTeX/fonts/enc/dvips/lm
/lm-ts1.enc}] [5] [6{C:/Users/vinicius.jimenez/AppData/Local/Programs/MiKTeX/fo
nts/enc/dvips/lm/lm-mathsy.enc}
pdfTeX warning (ext4): destination with the same identifier (name{table.1}) has
 been already used, duplicate ignored
<argument> ...shipout:D \box_use:N \l_shipout_box 
                                                  \__shipout_drop_firstpage_...
l.265 					\item S
                  istema Operacional: Ubuntu 22.04 LTS;]
Overfull \hbox (5.83083pt too wide) in paragraph at lines 295--296
[]\T1/lmr/m/n/12 Escrever a do-cu-men-ta-ção do pro-jeto em-pre-gando os pa-drõ
es do cen-tro GE.DT.
 []

[7] [8] (ante-projeto.bbl (ante-projeto.brf)
\tf@brf=\write4
\openout4 = `ante-projeto.brf'.

 [9]) (sintese.tex
(ante-projeto.brf)
pdfTeX warning (ext4): destination with the same identifier (name{cite.barakat2
024}) has been already used, duplicate ignored
<to be read again> 
                   \relax 
l.10 	
      
pdfTeX warning (ext4): destination with the same identifier (name{cite.basco201
8}) has been already used, duplicate ignored
<to be read again> 
                   \relax 
l.14 	
      
pdfTeX warning (ext4): destination with the same identifier (name{cite.galvao20
19}) has been already used, duplicate ignored
<to be read again> 
                   \relax 
l.18 	
      ) 
AED: lastpage setting LastPage
[10] (ante-projeto.aux)
 ***********
LaTeX2e <2023-11-01> patch level 1
L3 programming layer <2024-01-04>
 ***********


LaTeX Font Warning: Some font shapes were not available, defaults substituted.


LaTeX Warning: There were multiply-defined labels.

Package rerunfilecheck Info: File `ante-projeto.out' has not changed.
(rerunfilecheck)             Checksum: 97CF50656F1E1FB2573F12769B689188;2036.
Package rerunfilecheck Info: File `ante-projeto.brf' has not changed.
(rerunfilecheck)             Checksum: BBB839DFB595300E236094EEC403E12A;671.
 ) 
Here is how much of TeX's memory you used:
 11923 strings out of 474486
 196845 string characters out of 5738563
 1946542 words of memory out of 5000000
 33876 multiletter control sequences out of 15000+600000
 624644 words of font info for 71 fonts, out of 8000000 for 9000
 1141 hyphenation exceptions out of 8191
 75i,9n,79p,971b,657s stack positions out of 10000i,1000n,20000p,200000b,200000s

pdfTeX warning (dest): name{Hfootnote.10} has been referenced but does not exis
t, replaced by a fixed one


pdfTeX warning (dest): name{Hfootnote.9} has been referenced but does not exist
, replaced by a fixed one


pdfTeX warning (dest): name{Hfootnote.8} has been referenced but does not exist
, replaced by a fixed one


pdfTeX warning (dest): name{Hfootnote.7} has been referenced but does not exist
, replaced by a fixed one


pdfTeX warning (dest): name{Hfootnote.6} has been referenced but does not exist
, replaced by a fixed one


pdfTeX warning (dest): name{Hfootnote.5} has been referenced but does not exist
, replaced by a fixed one


pdfTeX warning (dest): name{Hfootnote.4} has been referenced but does not exist
, replaced by a fixed one


pdfTeX warning (dest): name{Hfootnote.3} has been referenced but does not exist
, replaced by a fixed one


pdfTeX warning (dest): name{Hfootnote.2} has been referenced but does not exist
, replaced by a fixed one


pdfTeX warning (dest): name{Hfootnote.1} has been referenced but does not exist
, replaced by a fixed one

<C:/Users/vinicius.jimenez/AppData/Local/Programs/MiKTeX/fonts/type1/public/lm/
lmbx12.pfb><C:/Users/vinicius.jimenez/AppData/Local/Programs/MiKTeX/fonts/type1
/public/lm/lmbx8.pfb><C:/Users/vinicius.jimenez/AppData/Local/Programs/MiKTeX/f
onts/type1/public/lm/lmcsc10.pfb><C:/Users/vinicius.jimenez/AppData/Local/Progr
ams/MiKTeX/fonts/type1/public/lm/lmr10.pfb><C:/Users/vinicius.jimenez/AppData/L
ocal/Programs/MiKTeX/fonts/type1/public/lm/lmr12.pfb><C:/Users/vinicius.jimenez
/AppData/Local/Programs/MiKTeX/fonts/type1/public/lm/lmr7.pfb><C:/Users/viniciu
s.jimenez/AppData/Local/Programs/MiKTeX/fonts/type1/public/lm/lmr8.pfb><C:/User
s/vinicius.jimenez/AppData/Local/Programs/MiKTeX/fonts/type1/public/lm/lmri10.p
fb><C:/Users/vinicius.jimenez/AppData/Local/Programs/MiKTeX/fonts/type1/public/
lm/lmri12.pfb><C:/Users/vinicius.jimenez/AppData/Local/Programs/MiKTeX/fonts/ty
pe1/public/lm/lmsy8.pfb>
Output written on ante-projeto.pdf (10 pages, 310282 bytes).
PDF statistics:
 293 PDF objects out of 1000 (max. 8388607)
 66 named destinations out of 1000 (max. 500000)
 133 words of extra memory for PDF output out of 10000 (max. 10000000)

